<?xml version="1.0" encoding="UTF-8"?>
<!-- Generated by org.testng.reporters.JUnitReportReporter -->
<testsuite hostname="LAPTOP-SK2I11LG" failures="0" tests="1" name="test.DashBoardTest" time="36.021" errors="0" timestamp="25 Mar 2022 16:37:35 GMT" skipped="0">
  <testcase classname="test.DashBoardTest" name="ValidUserShouldBeAbleToAccessAddCustomerMenu" time="36.021"/>
</testsuite> <!-- test.DashBoardTest -->
