<?xml version="1.0" encoding="UTF-8"?>
<!-- Generated by org.testng.reporters.JUnitReportReporter -->
<testsuite hostname="LAPTOP-SK2I11LG" failures="0" tests="1" name="test.ListCustomerTest" time="26.639" errors="0" timestamp="23 Mar 2022 17:28:25 GMT" skipped="0">
  <testcase classname="test.ListCustomerTest" name="ValidUserShouldAbleToAddContact" time="26.639"/>
</testsuite> <!-- test.ListCustomerTest -->
